Running on  compute-gpu-0-1.local
Hostname: compute-gpu-0-1.local
CPU count: 127
Moved dir, now in: /home/xucabis2/salt/salt
Activated environment salt
CUDA_VISIBLE_DEVICES: 0
Wed Aug 21 09:45:13 2024       
+---------------------------------------------------------------------------------------+
| NVIDIA-SMI 545.23.08              Driver Version: 545.23.08    CUDA Version: 12.3     |
|-----------------------------------------+----------------------+----------------------+
| GPU  Name                 Persistence-M | Bus-Id        Disp.A | Volatile Uncorr. ECC |
| Fan  Temp   Perf          Pwr:Usage/Cap |         Memory-Usage | GPU-Util  Compute M. |
|                                         |                      |               MIG M. |
|=========================================+======================+======================|
|   0  NVIDIA A100 80GB PCIe          Off | 00000000:17:00.0 Off |                    0 |
| N/A   36C    P0              43W / 300W |      4MiB / 81920MiB |      0%      Default |
|                                         |                      |             Disabled |
+-----------------------------------------+----------------------+----------------------+
|   1  NVIDIA A100 80GB PCIe          Off | 00000000:65:00.0 Off |                    0 |
| N/A   48C    P0             139W / 300W |  27811MiB / 81920MiB |      4%      Default |
|                                         |                      |             Disabled |
+-----------------------------------------+----------------------+----------------------+
|   2  NVIDIA A100 80GB PCIe          Off | 00000000:CA:00.0 Off |                    0 |
| N/A   45C    P0              69W / 300W |  16901MiB / 81920MiB |      0%      Default |
|                                         |                      |             Disabled |
+-----------------------------------------+----------------------+----------------------+
                                                                                         
+---------------------------------------------------------------------------------------+
| Processes:                                                                            |
|  GPU   GI   CI        PID   Type   Process name                            GPU Memory |
|        ID   ID                                                             Usage      |
|=======================================================================================|
|    1   N/A  N/A     79132      C   python                                    27796MiB |
|    2   N/A  N/A     66492      C   python                                    16886MiB |
+---------------------------------------------------------------------------------------+
Running training script...
usage: salt [options] fit [-h] [-c CONFIG] [--print_config [=flags]]
                          [--seed_everything SEED_EVERYTHING]
                          [--trainer CONFIG]
                          [--trainer.accelerator.help CLASS_PATH_OR_NAME]
                          [--trainer.accelerator ACCELERATOR]
                          [--trainer.strategy.help CLASS_PATH_OR_NAME]
                          [--trainer.strategy STRATEGY]
                          [--trainer.devices DEVICES]
                          [--trainer.num_nodes NUM_NODES]
                          [--trainer.precision PRECISION]
                          [--trainer.logger.help CLASS_PATH_OR_NAME]
                          [--trainer.logger LOGGER]
                          [--trainer.callbacks.help CLASS_PATH_OR_NAME]
                          [--trainer.callbacks CALLBACKS]
                          [--trainer.fast_dev_run FAST_DEV_RUN]
                          [--trainer.max_epochs MAX_EPOCHS]
                          [--trainer.min_epochs MIN_EPOCHS]
                          [--trainer.max_steps MAX_STEPS]
                          [--trainer.min_steps MIN_STEPS]
                          [--trainer.max_time MAX_TIME]
                          [--trainer.limit_train_batches LIMIT_TRAIN_BATCHES]
                          [--trainer.limit_val_batches LIMIT_VAL_BATCHES]
                          [--trainer.limit_test_batches LIMIT_TEST_BATCHES]
                          [--trainer.limit_predict_batches LIMIT_PREDICT_BATCHES]
                          [--trainer.overfit_batches OVERFIT_BATCHES]
                          [--trainer.val_check_interval VAL_CHECK_INTERVAL]
                          [--trainer.check_val_every_n_epoch CHECK_VAL_EVERY_N_EPOCH]
                          [--trainer.num_sanity_val_steps NUM_SANITY_VAL_STEPS]
                          [--trainer.log_every_n_steps LOG_EVERY_N_STEPS]
                          [--trainer.enable_checkpointing {true,false,null}]
                          [--trainer.enable_progress_bar {true,false,null}]
                          [--trainer.enable_model_summary {true,false,null}]
                          [--trainer.accumulate_grad_batches ACCUMULATE_GRAD_BATCHES]
                          [--trainer.gradient_clip_val GRADIENT_CLIP_VAL]
                          [--trainer.gradient_clip_algorithm GRADIENT_CLIP_ALGORITHM]
                          [--trainer.deterministic DETERMINISTIC]
                          [--trainer.benchmark {true,false,null}]
                          [--trainer.inference_mode {true,false}]
                          [--trainer.use_distributed_sampler {true,false}]
                          [--trainer.profiler.help CLASS_PATH_OR_NAME]
                          [--trainer.profiler PROFILER]
                          [--trainer.detect_anomaly {true,false}]
                          [--trainer.barebones {true,false}]
                          [--trainer.plugins.help CLASS_PATH_OR_NAME]
                          [--trainer.plugins PLUGINS]
                          [--trainer.sync_batchnorm {true,false}]
                          [--trainer.reload_dataloaders_every_n_epochs RELOAD_DATALOADERS_EVERY_N_EPOCHS]
                          [--trainer.default_root_dir DEFAULT_ROOT_DIR]
                          [--model CONFIG]
                          [--model.model.help CLASS_PATH_OR_NAME]
                          --model.model MODEL
                          [--model.lrs_config LRS_CONFIG]
                          [--model.norm_config NORM_CONFIG]
                          [--model.muP_config MUP_CONFIG] [--data CONFIG]
                          [--data.train_file TRAIN_FILE]
                          [--data.val_file VAL_FILE]
                          [--data.batch_size BATCH_SIZE]
                          [--data.num_workers NUM_WORKERS]
                          [--data.num_train NUM_TRAIN]
                          [--data.num_val NUM_VAL] [--data.num_test NUM_TEST]
                          [--data.move_files_temp MOVE_FILES_TEMP]
                          [--data.class_dict CLASS_DICT]
                          [--data.test_file TEST_FILE]
                          [--data.test_suff TEST_SUFF]
                          [--data.pin_memory {true,false}]
                          [--data.config_S3 CONFIG_S3]
                          [--data.norm_dict NORM_DICT]
                          [--data.variables VARIABLES] [--data.labels LABELS]
                          [--data.mf_config MF_CONFIG]
                          [--data.input_map INPUT_MAP]
                          [--data.num_inputs NUM_INPUTS]
                          [--data.nan_to_num {true,false}]
                          [--data.global_object GLOBAL_OBJECT]
                          [--data.PARAMETERS PARAMETERS] [-n NAME] [-f] [-t]
                          [--compile] [-oc] [-ls LOG_SUFFIX]
                          [--optimizer.help CLASS_PATH_OR_NAME]
                          [--optimizer CONFIG | CLASS_PATH_OR_NAME | .INIT_ARG_NAME VALUE]
                          [--lr_scheduler.help CLASS_PATH_OR_NAME]
                          [--lr_scheduler CONFIG | CLASS_PATH_OR_NAME | .INIT_ARG_NAME VALUE]
                          [--ckpt_path CKPT_PATH]
error: Parser key "config": File does not exist: '/home/xucabis2/salt/salt/salt/configs/weighting_MoCo.yaml'
